#
# A fatal error has been detected by the Java Runtime Environment:
#
#  SIGSEGV (0xb) at pc=0x00007f4fb6c8232b, pid=82691, tid=82701
#
# JRE version: OpenJDK Runtime Environment (11.0.11+9) (build 11.0.11+9-Ubuntu-0ubuntu2.20.10)
# Java VM: OpenJDK 64-Bit Server VM (11.0.11+9-Ubuntu-0ubuntu2.20.10, mixed mode, tiered, compressed oops, g1 gc, linux-amd64)
# Problematic frame:
# C  [libjimage.so+0x332b]
#
# Core dump will be written. Default location: Core dumps may be processed with "/usr/share/apport/apport %p %s %c %d %P %E" (or dumping to /home/server/Documents/Java_projects/wishlist/core.82691)
#
# If you would like to submit a bug report, please visit:
#   https://bugs.launchpad.net/ubuntu/+source/openjdk-lts
#

---------------  S U M M A R Y ------------

Command Line: -agentlib:jdwp=transport=dt_socket,server=n,suspend=y,address=localhost:40099 -Dfile.encoding=UTF-8 com.ryan.wishlist.WishlistApplication

Host: Intel(R) Core(TM) i5-3230M CPU @ 2.60GHz, 4 cores, 7G, Ubuntu 20.10
Time: Thu Jul  8 19:06:53 2021 -03 elapsed time: 2055.025547 seconds (0d 0h 34m 15s)

---------------  T H R E A D  ---------------

Current thread (0x00007f4fb0160000):  JavaThread "Signal Dispatcher" daemon [_thread_in_vm, id=82701, stack(0x00007f4fb4412000,0x00007f4fb4513000)]

Stack: [0x00007f4fb4412000,0x00007f4fb4513000],  sp=0x00007f4fb4510150,  free space=1016k
Native frames: (J=compiled Java code, A=aot compiled Java code, j=interpreted, Vv=VM code, C=native code)
C  [libjimage.so+0x332b]
C  [libjimage.so+0x3fe2]
C  [libjimage.so+0x44e1]  JIMAGE_FindResource+0xf1
V  [libjvm.so+0x5af841]
V